2021-05-30T15:05:05.698+0300	INFO	service command install completed	{"source": "kubemq-bridges"}
2021-05-30T15:05:10.874+0300	INFO	starting kubemq bridges connectors as a service version: v0.7.0	{"source": "kubemq-bridges"}
2021-05-30T15:05:10.874+0300	INFO	service command start completed	{"source": "kubemq-bridges"}
2021-05-30T15:05:10.899+0300	INFO	1 bindings loaded	{"source": "config"}
2021-05-30T15:05:10.968+0300	ERROR	failed to initialized binding, error loading targets conntector on binding bridge-1, rpc error: code = Unavailable desc = connection error: desc = "transport: Error while dialing dial tcp: lookup kubemq-cluster-grpc.kubemq: no such host"	{"source": "binding-service"}
2021-05-30T15:05:11.977+0300	ERROR	failed to initialized binding: bridge-1, attempt: 1, error: error loading targets conntector on binding bridge-1, rpc error: code = Unavailable desc = connection error: desc = "transport: Error while dialing dial tcp: lookup kubemq-cluster-grpc.kubemq: no such host"	{"source": "binding-service"}
2021-05-30T15:05:12.993+0300	ERROR	failed to initialized binding: bridge-1, attempt: 2, error: error loading targets conntector on binding bridge-1, rpc error: code = Unavailable desc = connection error: desc = "transport: Error while dialing dial tcp: lookup kubemq-cluster-grpc.kubemq: no such host"	{"source": "binding-service"}
2021-05-30T15:05:14.001+0300	ERROR	failed to initialized binding: bridge-1, attempt: 3, error: error loading targets conntector on binding bridge-1, rpc error: code = Unavailable desc = connection error: desc = "transport: Error while dialing dial tcp: lookup kubemq-cluster-grpc.kubemq: no such host"	{"source": "binding-service"}
2021-05-30T15:05:15.005+0300	ERROR	failed to initialized binding: bridge-1, attempt: 4, error: error loading targets conntector on binding bridge-1, rpc error: code = Unavailable desc = connection error: desc = "transport: Error while dialing dial tcp: lookup kubemq-cluster-grpc.kubemq: no such host"	{"source": "binding-service"}
2021-05-30T15:05:16.024+0300	ERROR	failed to initialized binding: bridge-1, attempt: 5, error: error loading targets conntector on binding bridge-1, rpc error: code = Unavailable desc = connection error: desc = "transport: Error while dialing dial tcp: lookup kubemq-cluster-grpc.kubemq: no such host"	{"source": "binding-service"}
2021-05-30T15:05:17.037+0300	ERROR	failed to initialized binding: bridge-1, attempt: 6, error: error loading targets conntector on binding bridge-1, rpc error: code = Unavailable desc = connection error: desc = "transport: Error while dialing dial tcp: lookup kubemq-cluster-grpc.kubemq: no such host"	{"source": "binding-service"}
2021-05-30T15:05:18.041+0300	ERROR	failed to initialized binding: bridge-1, attempt: 7, error: error loading targets conntector on binding bridge-1, rpc error: code = Unavailable desc = connection error: desc = "transport: Error while dialing dial tcp: lookup kubemq-cluster-grpc.kubemq: no such host"	{"source": "binding-service"}
2021-05-30T15:05:19.044+0300	ERROR	failed to initialized binding: bridge-1, attempt: 8, error: error loading targets conntector on binding bridge-1, rpc error: code = Unavailable desc = connection error: desc = "transport: Error while dialing dial tcp: lookup kubemq-cluster-grpc.kubemq: no such host"	{"source": "binding-service"}
2021-05-30T15:05:20.058+0300	ERROR	failed to initialized binding: bridge-1, attempt: 9, error: error loading targets conntector on binding bridge-1, rpc error: code = Unavailable desc = connection error: desc = "transport: Error while dialing dial tcp: lookup kubemq-cluster-grpc.kubemq: no such host"	{"source": "binding-service"}
2021-05-30T15:05:21.083+0300	ERROR	failed to initialized binding: bridge-1, attempt: 10, error: error loading targets conntector on binding bridge-1, rpc error: code = Unavailable desc = connection error: desc = "transport: Error while dialing dial tcp: lookup kubemq-cluster-grpc.kubemq: no such host"	{"source": "binding-service"}
2021-05-30T15:05:22.092+0300	ERROR	failed to initialized binding: bridge-1, attempt: 11, error: error loading targets conntector on binding bridge-1, rpc error: code = Unavailable desc = connection error: desc = "transport: Error while dialing dial tcp: lookup kubemq-cluster-grpc.kubemq: no such host"	{"source": "binding-service"}
2021-05-30T15:05:23.105+0300	ERROR	failed to initialized binding: bridge-1, attempt: 12, error: error loading targets conntector on binding bridge-1, rpc error: code = Unavailable desc = connection error: desc = "transport: Error while dialing dial tcp: lookup kubemq-cluster-grpc.kubemq: no such host"	{"source": "binding-service"}
2021-05-30T15:05:24.110+0300	ERROR	failed to initialized binding: bridge-1, attempt: 13, error: error loading targets conntector on binding bridge-1, rpc error: code = Unavailable desc = connection error: desc = "transport: Error while dialing dial tcp: lookup kubemq-cluster-grpc.kubemq: no such host"	{"source": "binding-service"}
2021-05-30T15:05:25.118+0300	ERROR	failed to initialized binding: bridge-1, attempt: 14, error: error loading targets conntector on binding bridge-1, rpc error: code = Unavailable desc = connection error: desc = "transport: Error while dialing dial tcp: lookup kubemq-cluster-grpc.kubemq: no such host"	{"source": "binding-service"}
2021-05-30T15:05:26.139+0300	ERROR	failed to initialized binding: bridge-1, attempt: 15, error: error loading targets conntector on binding bridge-1, rpc error: code = Unavailable desc = connection error: desc = "transport: Error while dialing dial tcp: lookup kubemq-cluster-grpc.kubemq: no such host"	{"source": "binding-service"}
2021-05-30T15:05:27.149+0300	ERROR	failed to initialized binding: bridge-1, attempt: 16, error: error loading targets conntector on binding bridge-1, rpc error: code = Unavailable desc = connection error: desc = "transport: Error while dialing dial tcp: lookup kubemq-cluster-grpc.kubemq: no such host"	{"source": "binding-service"}
2021-05-30T15:05:28.162+0300	ERROR	failed to initialized binding: bridge-1, attempt: 17, error: error loading targets conntector on binding bridge-1, rpc error: code = Unavailable desc = connection error: desc = "transport: Error while dialing dial tcp: lookup kubemq-cluster-grpc.kubemq: no such host"	{"source": "binding-service"}
2021-05-30T15:05:29.167+0300	ERROR	failed to initialized binding: bridge-1, attempt: 18, error: error loading targets conntector on binding bridge-1, rpc error: code = Unavailable desc = connection error: desc = "transport: Error while dialing dial tcp: lookup kubemq-cluster-grpc.kubemq: no such host"	{"source": "binding-service"}
2021-05-30T15:05:30.181+0300	ERROR	failed to initialized binding: bridge-1, attempt: 19, error: error loading targets conntector on binding bridge-1, rpc error: code = Unavailable desc = connection error: desc = "transport: Error while dialing dial tcp: lookup kubemq-cluster-grpc.kubemq: no such host"	{"source": "binding-service"}
2021-05-30T15:05:31.190+0300	ERROR	failed to initialized binding: bridge-1, attempt: 20, error: error loading targets conntector on binding bridge-1, rpc error: code = Unavailable desc = connection error: desc = "transport: Error while dialing dial tcp: lookup kubemq-cluster-grpc.kubemq: no such host"	{"source": "binding-service"}
2021-05-30T15:05:32.191+0300	ERROR	failed to initialized binding: bridge-1, attempt: 21, error: error loading targets conntector on binding bridge-1, rpc error: code = Unavailable desc = connection error: desc = "transport: Error while dialing dial tcp: lookup kubemq-cluster-grpc.kubemq: no such host"	{"source": "binding-service"}
2021-05-30T15:05:33.207+0300	ERROR	failed to initialized binding: bridge-1, attempt: 22, error: error loading targets conntector on binding bridge-1, rpc error: code = Unavailable desc = connection error: desc = "transport: Error while dialing dial tcp: lookup kubemq-cluster-grpc.kubemq: no such host"	{"source": "binding-service"}
2021-05-30T15:05:34.215+0300	ERROR	failed to initialized binding: bridge-1, attempt: 23, error: error loading targets conntector on binding bridge-1, rpc error: code = Unavailable desc = connection error: desc = "transport: Error while dialing dial tcp: lookup kubemq-cluster-grpc.kubemq: no such host"	{"source": "binding-service"}
2021-05-30T15:05:35.222+0300	ERROR	failed to initialized binding: bridge-1, attempt: 24, error: error loading targets conntector on binding bridge-1, rpc error: code = Unavailable desc = connection error: desc = "transport: Error while dialing dial tcp: lookup kubemq-cluster-grpc.kubemq: no such host"	{"source": "binding-service"}
2021-05-30T15:05:36.228+0300	ERROR	failed to initialized binding: bridge-1, attempt: 25, error: error loading targets conntector on binding bridge-1, rpc error: code = Unavailable desc = connection error: desc = "transport: Error while dialing dial tcp: lookup kubemq-cluster-grpc.kubemq: no such host"	{"source": "binding-service"}
2021-05-30T15:05:37.241+0300	ERROR	failed to initialized binding: bridge-1, attempt: 26, error: error loading targets conntector on binding bridge-1, rpc error: code = Unavailable desc = connection error: desc = "transport: Error while dialing dial tcp: lookup kubemq-cluster-grpc.kubemq: no such host"	{"source": "binding-service"}
2021-05-30T15:05:38.251+0300	ERROR	failed to initialized binding: bridge-1, attempt: 27, error: error loading targets conntector on binding bridge-1, rpc error: code = Unavailable desc = connection error: desc = "transport: Error while dialing dial tcp: lookup kubemq-cluster-grpc.kubemq: no such host"	{"source": "binding-service"}
2021-05-30T15:05:39.255+0300	ERROR	failed to initialized binding: bridge-1, attempt: 28, error: error loading targets conntector on binding bridge-1, rpc error: code = Unavailable desc = connection error: desc = "transport: Error while dialing dial tcp: lookup kubemq-cluster-grpc.kubemq: no such host"	{"source": "binding-service"}
2021-05-30T15:05:40.263+0300	ERROR	failed to initialized binding: bridge-1, attempt: 29, error: error loading targets conntector on binding bridge-1, rpc error: code = Unavailable desc = connection error: desc = "transport: Error while dialing dial tcp: lookup kubemq-cluster-grpc.kubemq: no such host"	{"source": "binding-service"}
2021-05-30T15:05:41.282+0300	ERROR	failed to initialized binding: bridge-1, attempt: 30, error: error loading targets conntector on binding bridge-1, rpc error: code = Unavailable desc = connection error: desc = "transport: Error while dialing dial tcp: lookup kubemq-cluster-grpc.kubemq: no such host"	{"source": "binding-service"}
2021-05-30T15:05:42.293+0300	ERROR	failed to initialized binding: bridge-1, attempt: 31, error: error loading targets conntector on binding bridge-1, rpc error: code = Unavailable desc = connection error: desc = "transport: Error while dialing dial tcp: lookup kubemq-cluster-grpc.kubemq: no such host"	{"source": "binding-service"}
2021-05-30T15:05:43.308+0300	ERROR	failed to initialized binding: bridge-1, attempt: 32, error: error loading targets conntector on binding bridge-1, rpc error: code = Unavailable desc = connection error: desc = "transport: Error while dialing dial tcp: lookup kubemq-cluster-grpc.kubemq: no such host"	{"source": "binding-service"}
2021-05-30T15:05:44.310+0300	ERROR	failed to initialized binding: bridge-1, attempt: 33, error: error loading targets conntector on binding bridge-1, rpc error: code = Unavailable desc = connection error: desc = "transport: Error while dialing dial tcp: lookup kubemq-cluster-grpc.kubemq: no such host"	{"source": "binding-service"}
2021-05-30T15:05:45.322+0300	ERROR	failed to initialized binding: bridge-1, attempt: 34, error: error loading targets conntector on binding bridge-1, rpc error: code = Unavailable desc = connection error: desc = "transport: Error while dialing dial tcp: lookup kubemq-cluster-grpc.kubemq: no such host"	{"source": "binding-service"}
2021-05-30T15:05:46.342+0300	ERROR	failed to initialized binding: bridge-1, attempt: 35, error: error loading targets conntector on binding bridge-1, rpc error: code = Unavailable desc = connection error: desc = "transport: Error while dialing dial tcp: lookup kubemq-cluster-grpc.kubemq: no such host"	{"source": "binding-service"}
2021-05-30T15:05:46.519+0300	INFO	kubemq bridges connectors stopped	{"source": "kubemq-bridges"}
2021-05-30T15:05:46.571+0300	INFO	service command stop completed	{"source": "kubemq-bridges"}
2021-05-30T15:05:54.289+0300	INFO	service command uninstall completed	{"source": "kubemq-bridges"}
2021-05-30T15:06:00.063+0300	ERROR	Failed to stop KubeMQ Bridges: The specified service does not exist as an installed service.	{"source": "kubemq-bridges"}
